d:\fiverr\atifibrahim7\spaceshooter\dynamicsfml\debug\vc143.pdb
d:\fiverr\atifibrahim7\spaceshooter\dynamicsfml\debug\vc143.idb
d:\fiverr\atifibrahim7\spaceshooter\dynamicsfml\debug\main.obj
d:\fiverr\atifibrahim7\spaceshooter\dynamicsfml\debug\edistance.obj
d:\fiverr\atifibrahim7\spaceshooter\debug\dynamicsfml.pdb
d:\fiverr\atifibrahim7\spaceshooter\dynamicsfml\debug\dynamicsfml.tlog\cl.command.1.tlog
d:\fiverr\atifibrahim7\spaceshooter\dynamicsfml\debug\dynamicsfml.tlog\cl.items.tlog
d:\fiverr\atifibrahim7\spaceshooter\dynamicsfml\debug\dynamicsfml.tlog\cl.read.1.tlog
d:\fiverr\atifibrahim7\spaceshooter\dynamicsfml\debug\dynamicsfml.tlog\cl.write.1.tlog
d:\fiverr\atifibrahim7\spaceshooter\dynamicsfml\debug\dynamicsfml.tlog\link-cvtres.read.1.tlog
d:\fiverr\atifibrahim7\spaceshooter\dynamicsfml\debug\dynamicsfml.tlog\link-cvtres.write.1.tlog
d:\fiverr\atifibrahim7\spaceshooter\dynamicsfml\debug\dynamicsfml.tlog\link-rc.read.1.tlog
d:\fiverr\atifibrahim7\spaceshooter\dynamicsfml\debug\dynamicsfml.tlog\link-rc.write.1.tlog
d:\fiverr\atifibrahim7\spaceshooter\dynamicsfml\debug\dynamicsfml.tlog\link.17572-cvtres.read.1.tlog
d:\fiverr\atifibrahim7\spaceshooter\dynamicsfml\debug\dynamicsfml.tlog\link.17572-cvtres.write.1.tlog
d:\fiverr\atifibrahim7\spaceshooter\dynamicsfml\debug\dynamicsfml.tlog\link.17572-rc.read.1.tlog
d:\fiverr\atifibrahim7\spaceshooter\dynamicsfml\debug\dynamicsfml.tlog\link.17572-rc.write.1.tlog
d:\fiverr\atifibrahim7\spaceshooter\dynamicsfml\debug\dynamicsfml.tlog\link.17572.read.1.tlog
d:\fiverr\atifibrahim7\spaceshooter\dynamicsfml\debug\dynamicsfml.tlog\link.17572.write.1.tlog
d:\fiverr\atifibrahim7\spaceshooter\dynamicsfml\debug\dynamicsfml.tlog\link.command.1.tlog
d:\fiverr\atifibrahim7\spaceshooter\dynamicsfml\debug\dynamicsfml.tlog\link.read.1.tlog
d:\fiverr\atifibrahim7\spaceshooter\dynamicsfml\debug\dynamicsfml.tlog\link.write.1.tlog
